Debugger attached.
yarn run v1.22.19
$ react-scripts build
Debugger attached.
Debugger attached.
Creating an optimized production build...
Debugger attached.
Debugger attached.
Compiled with warnings.

[eslint] 
src/pages/InputForm/MDSxNRW.tsx
  Line 19:8:    'Grid' is defined but never used                                  @typescript-eslint/no-unused-vars
  Line 100:32:  Array.prototype.map() expects a return value from arrow function  array-callback-return

src/pages/Landingpage/Header.tsx
  Line 2:29:  'styled' is defined but never used  @typescript-eslint/no-unused-vars
  Line 4:8:   'styles' is defined but never used  @typescript-eslint/no-unused-vars

src/pages/Landingpage/ScrollToSection.tsx
  Line 72:27:  'useEffect' is defined but never used                 @typescript-eslint/no-unused-vars
  Line 72:38:  'useRef' is defined but never used                    @typescript-eslint/no-unused-vars
  Line 73:10:  'Box' is defined but never used                       @typescript-eslint/no-unused-vars
  Line 78:8:   'Slide' is defined but never used                     @typescript-eslint/no-unused-vars
  Line 81:10:  'activeSection' is assigned a value but never used    @typescript-eslint/no-unused-vars
  Line 89:9:   'scrollToSection' is assigned a value but never used  @typescript-eslint/no-unused-vars

src/pages/Landingpage/Section1.tsx
  Line 2:23:   'styled' is defined but never used             @typescript-eslint/no-unused-vars
  Line 5:8:    'styles' is defined but never used             @typescript-eslint/no-unused-vars
  Line 84:10:  'isInView' is assigned a value but never used  @typescript-eslint/no-unused-vars

src/pages/Landingpage/Section3.tsx
  Line 2:29:   'styled' is defined but never used             @typescript-eslint/no-unused-vars
  Line 5:8:    'styles' is defined but never used             @typescript-eslint/no-unused-vars
  Line 6:8:    'Card' is defined but never used               @typescript-eslint/no-unused-vars
  Line 9:8:    'CardMedia' is defined but never used          @typescript-eslint/no-unused-vars
  Line 81:10:  'isInView' is assigned a value but never used  @typescript-eslint/no-unused-vars

src/pages/Landingpage/Section4.tsx
  Line 2:10:   'Box' is defined but never used                @typescript-eslint/no-unused-vars
  Line 2:29:   'styled' is defined but never used             @typescript-eslint/no-unused-vars
  Line 8:8:    'styles' is defined but never used             @typescript-eslint/no-unused-vars
  Line 76:10:  'isInView' is assigned a value but never used  @typescript-eslint/no-unused-vars

Search for the keywords to learn more about each warning.
To ignore, add // eslint-disable-next-line to the line before.

File sizes after gzip:

  303.48 kB  build/static/js/main.d8334e10.js
  53.13 kB   build/static/js/581.c85370db.chunk.js
  45.98 kB   build/static/js/638.2901a70b.chunk.js
  8.49 kB    build/static/js/167.83d6c3ad.chunk.js
  1.79 kB    build/static/js/415.1adf0f1d.chunk.js
  431 B      build/static/css/main.0dc8a4a4.css

The project was built assuming it is hosted at /.
You can control this with the homepage field in your package.json.

The build folder is ready to be deployed.
You may serve it with a static server:

  npm install -g serve
  serve -s build

Find out more about deployment here:

  https://cra.link/deployment

Waiting for the debugger to disconnect...
Waiting for the debugger to disconnect...
Done in 46.17s.
Waiting for the debugger to disconnect...
